<?xml version="1.0" encoding="UTF-8"?>
<!-- Generated by org.testng.reporters.JUnitXMLReporter -->
<testsuite hostname="JeromeYangco" name="Lead Test" tests="3" failures="0" timestamp="27 Oct 2018 14:32:36 GMT" time="0.024" errors="0">
  <testcase name="createLeadTest" time="0.0" classname="com.qtpselenium.zoho.project.testcases.LeadTest">
    <skipped/>
  </testcase> <!-- createLeadTest -->
  <testcase name="convertLeadTest" time="0.0" classname="com.qtpselenium.zoho.project.testcases.LeadTest">
    <skipped/>
  </testcase> <!-- convertLeadTest -->
  <testcase name="deleteLeadAccountTest" time="0.0" classname="com.qtpselenium.zoho.project.testcases.LeadTest">
    <skipped/>
  </testcase> <!-- deleteLeadAccountTest -->
</testsuite> <!-- Lead Test -->
