<?xml version="1.0" encoding="UTF-8"?>
<!-- Generated by org.testng.reporters.JUnitXMLReporter -->
<testsuite hostname="JeromeYangco" name="Login Test" tests="2" failures="0" timestamp="2 Nov 2018 08:02:09 GMT" time="23.616" errors="0">
  <testcase name="doLoginTest" time="0.0" classname="com.qtpselenium.zoho.project.testcases.LoginTest">
    <skipped/>
  </testcase> <!-- doLoginTest -->
  <testcase name="doLoginTest" time="20.899" classname="com.qtpselenium.zoho.project.testcases.LoginTest"/>
</testsuite> <!-- Login Test -->
