<?xml version="1.0" encoding="UTF-8"?>
<!-- Generated by org.testng.reporters.JUnitXMLReporter -->
<testsuite hostname="JeromeYangco" ignored="0" name="Potential Test" tests="2" failures="0" timestamp="27 Oct 2018 10:54:36 GMT" time="1.809" errors="0">
  <testcase name="createPotentialTest" time="0.034" classname="com.qtpselenium.zoho.project.testcases.PotentialTest">
    <skipped/>
  </testcase> <!-- createPotentialTest -->
  <testcase name="deletePotentialAccountTest" time="0.0" classname="com.qtpselenium.zoho.project.testcases.PotentialTest">
    <skipped/>
  </testcase> <!-- deletePotentialAccountTest -->
</testsuite> <!-- Potential Test -->
