<?xml version="1.0" encoding="UTF-8"?>
<testng-results skipped="1" failed="0" total="2" passed="1">
  <reporter-output>
  </reporter-output>
  <suite name="ZohoSuite" duration-ms="23616" started-at="2018-11-02T08:01:45Z" finished-at="2018-11-02T08:02:09Z">
    <groups>
    </groups>
    <test name="Login Test" duration-ms="23616" started-at="2018-11-02T08:01:45Z" finished-at="2018-11-02T08:02:09Z">
      <class name="com.qtpselenium.zoho.project.testcases.LoginTest">
        <test-method status="PASS" signature="init()[pri:0, instance:com.qtpselenium.zoho.project.testcases.LoginTest@59fa1d9b]" name="init" is-config="true" duration-ms="6" started-at="2018-11-02T16:01:46Z" finished-at="2018-11-02T16:01:46Z">
          <reporter-output>
          </reporter-output>
        </test-method> <!-- init -->
        <test-method status="PASS" signature="init()[pri:0, instance:com.qtpselenium.zoho.project.testcases.LoginTest@59fa1d9b]" name="init" is-config="true" duration-ms="6" started-at="2018-11-02T16:01:46Z" finished-at="2018-11-02T16:01:46Z">
          <reporter-output>
          </reporter-output>
        </test-method> <!-- init -->
        <test-method status="PASS" signature="doLoginTest(java.util.Hashtable)[pri:0, instance:com.qtpselenium.zoho.project.testcases.LoginTest@59fa1d9b]" name="doLoginTest" duration-ms="20899" started-at="2018-11-02T16:01:46Z" data-provider="getData" finished-at="2018-11-02T16:02:07Z">
          <params>
            <param index="0">
              <value>
                <![CDATA[{Username=yangco.jerome@yahoo.com, ExpectedResult=Y, Password=Oc+rgz1coyyzh, Runmode=Y, Browser=Chrome}]]>
              </value>
            </param>
          </params>
          <reporter-output>
          </reporter-output>
        </test-method> <!-- doLoginTest -->
        <test-method status="SKIP" signature="doLoginTest(java.util.Hashtable)[pri:0, instance:com.qtpselenium.zoho.project.testcases.LoginTest@59fa1d9b]" name="doLoginTest" duration-ms="0" started-at="2018-11-02T16:01:46Z" data-provider="getData" finished-at="2018-11-02T16:01:46Z">
          <params>
            <param index="0">
              <value>
                <![CDATA[{Username=test@yahoo.com, ExpectedResult=N, Password=xxxx, Runmode=N, Browser=Mozilla}]]>
              </value>
            </param>
          </params>
          <exception class="org.testng.SkipException">
            <message>
              <![CDATA[kipping the test as runmode is N]]>
            </message>
            <full-stacktrace>
              <![CDATA[org.testng.SkipException: kipping the test as runmode is N
	at com.qtpselenium.zoho.project.testcases.LoginTest.doLoginTest(LoginTest.java:31)
	at sun.reflect.NativeMethodAccessorImpl.invoke0(Native Method)
	at sun.reflect.NativeMethodAccessorImpl.invoke(NativeMethodAccessorImpl.java:62)
	at sun.reflect.DelegatingMethodAccessorImpl.invoke(DelegatingMethodAccessorImpl.java:43)
	at java.lang.reflect.Method.invoke(Method.java:498)
	at org.testng.internal.MethodInvocationHelper.invokeMethod(MethodInvocationHelper.java:85)
	at org.testng.internal.Invoker.invokeMethod(Invoker.java:639)
	at org.testng.internal.Invoker.invokeTestMethod(Invoker.java:816)
	at org.testng.internal.TestMethodWithDataProviderMethodWorker.call(TestMethodWithDataProviderMethodWorker.java:75)
	at org.testng.internal.TestMethodWithDataProviderMethodWorker.call(TestMethodWithDataProviderMethodWorker.java:14)
	at java.util.concurrent.FutureTask.run(FutureTask.java:266)
	at java.util.concurrent.Executors$RunnableAdapter.call(Executors.java:511)
	at java.util.concurrent.FutureTask.run(FutureTask.java:266)
	at java.util.concurrent.ThreadPoolExecutor.runWorker(ThreadPoolExecutor.java:1142)
	at java.util.concurrent.ThreadPoolExecutor$Worker.run(ThreadPoolExecutor.java:617)
	at java.lang.Thread.run(Thread.java:745)
]]>
            </full-stacktrace>
          </exception> <!-- org.testng.SkipException -->
          <reporter-output>
          </reporter-output>
        </test-method> <!-- doLoginTest -->
        <test-method status="PASS" signature="quit()[pri:0, instance:com.qtpselenium.zoho.project.testcases.LoginTest@59fa1d9b]" name="quit" is-config="true" duration-ms="444" started-at="2018-11-02T16:01:46Z" finished-at="2018-11-02T16:01:47Z">
          <reporter-output>
          </reporter-output>
        </test-method> <!-- quit -->
        <test-method status="PASS" signature="quit()[pri:0, instance:com.qtpselenium.zoho.project.testcases.LoginTest@59fa1d9b]" name="quit" is-config="true" duration-ms="1889" started-at="2018-11-02T16:02:07Z" finished-at="2018-11-02T16:02:09Z">
          <reporter-output>
          </reporter-output>
        </test-method> <!-- quit -->
      </class> <!-- com.qtpselenium.zoho.project.testcases.LoginTest -->
    </test> <!-- Login Test -->
  </suite> <!-- ZohoSuite -->
</testng-results>
